<?xml version="1.0" encoding="UTF-8"?>
<!-- Generated by org.testng.reporters.JUnitXMLReporter -->
<testsuite hostname="aham" ignored="0" name="Test-1" tests="3" failures="0" timestamp="2023-03-08T16:58:15 IST" time="30.613" errors="0">
  <testcase name="createOrg" time="9.61" classname="vTiger.Organizations.CreateOrganizationFinalScript"/>
  <testcase name="demoSuite" time="0.003" classname="vTiger.Organizations.CreateOrganizationFinalScript"/>
  <testcase name="regionaltesting" time="0.002" classname="vTiger.Organizations.CreateOrganizationFinalScript"/>
</testsuite> <!-- Test-1 -->
