<?xml version="1.0" encoding="UTF-8"?>
<!-- Generated by org.testng.reporters.JUnitXMLReporter -->
<testsuite hostname="aham" ignored="0" name="Test-2" tests="3" failures="0" timestamp="2023-03-08T16:58:15 IST" time="30.408" errors="0">
  <testcase name="createOrg" time="9.455" classname="vTiger.Organizations.CreateOrganizationFinalScript"/>
  <testcase name="demoSuite" time="0.008" classname="vTiger.Organizations.CreateOrganizationFinalScript"/>
  <testcase name="regionaltesting" time="0.0" classname="vTiger.Organizations.CreateOrganizationFinalScript"/>
</testsuite> <!-- Test-2 -->
