<?xml version="1.0" encoding="UTF-8"?>
<!-- Generated by org.testng.reporters.JUnitReportReporter -->
<testsuite skipped="0" hostname="aham" name="practice.TestNGPractice2" tests="3" failures="0" timestamp="2023-03-02T12:27:33 IST" time="0.011" errors="0">
  <testcase name="updateUser" time="0.009" classname="practice.TestNGPractice2"/>
  <system-out/>
  <testcase name="deleteUser" time="0.001" classname="practice.TestNGPractice2"/>
  <system-out/>
  <testcase name="createUser" time="0.001" classname="practice.TestNGPractice2"/>
  <system-out/>
</testsuite> <!-- practice.TestNGPractice2 -->
