<?xml version="1.0" encoding="UTF-8"?>
<!-- Generated by org.testng.reporters.JUnitReportReporter -->
<testsuite skipped="0" hostname="aham" name="vTiger.Contacts.CreateContactWithOrganizationFinalScriptTest" tests="1" failures="0" timestamp="2023-03-20T13:56:27 IST" time="39.878" errors="0">
  <testcase name="createContactWithOrg" time="39.878" classname="vTiger.Contacts.CreateContactWithOrganizationFinalScriptTest"/>
  <system-out/>
</testsuite> <!-- vTiger.Contacts.CreateContactWithOrganizationFinalScriptTest -->
