<?xml version="1.0" encoding="UTF-8"?>
<!-- Generated by org.testng.reporters.JUnitReportReporter -->
<testsuite skipped="0" hostname="aham" name="practice.ReadDataFromCmdLineTest" tests="1" failures="0" timestamp="2023-03-20T12:50:55 IST" time="0.006" errors="0">
  <testcase name="readData" time="0.006" classname="practice.ReadDataFromCmdLineTest"/>
  <system-out/>
</testsuite> <!-- practice.ReadDataFromCmdLineTest -->
