<?xml version="1.0" encoding="UTF-8"?>
<!-- Generated by org.testng.reporters.JUnitReportReporter -->
<testsuite skipped="0" hostname="aham" name="practice.DataProviderPractice" tests="3" failures="0" timestamp="2023-03-09T12:56:26 IST" time="0.007" errors="0">
  <testcase name="addProduct" time="0.000" classname="practice.DataProviderPractice"/>
  <system-out/>
  <testcase name="addProduct" time="0.006" classname="practice.DataProviderPractice"/>
  <system-out/>
  <testcase name="addProduct" time="0.001" classname="practice.DataProviderPractice"/>
  <system-out/>
</testsuite> <!-- practice.DataProviderPractice -->
