<?xml version="1.0" encoding="UTF-8"?>
<!-- Generated by org.testng.reporters.JUnitReportReporter -->
<testsuite skipped="0" hostname="aham" name="vTiger.Organizations.CreateOrgWithMultipleDataUsingDataProvider" tests="4" failures="0" timestamp="2023-03-10T09:11:39 IST" time="53.169" errors="0">
  <testcase name="createOrgWithMultipleData" time="12.524" classname="vTiger.Organizations.CreateOrgWithMultipleDataUsingDataProvider"/>
  <system-out/>
  <testcase name="createOrgWithMultipleData" time="11.603" classname="vTiger.Organizations.CreateOrgWithMultipleDataUsingDataProvider"/>
  <system-out/>
  <testcase name="createOrgWithMultipleData" time="13.408" classname="vTiger.Organizations.CreateOrgWithMultipleDataUsingDataProvider"/>
  <system-out/>
  <testcase name="createOrgWithMultipleData" time="15.634" classname="vTiger.Organizations.CreateOrgWithMultipleDataUsingDataProvider"/>
  <system-out/>
</testsuite> <!-- vTiger.Organizations.CreateOrgWithMultipleDataUsingDataProvider -->
