<?xml version="1.0" encoding="UTF-8"?>
<!-- Generated by org.testng.reporters.JUnitReportReporter -->
<testsuite skipped="0" hostname="aham" name="vTiger.Contacts.CreateContactWithOrganizationFinalScript" tests="1" failures="0" timestamp="2023-03-08T12:41:07 IST" time="21.616" errors="0">
  <testcase name="createContactWithOrg" time="21.616" classname="vTiger.Contacts.CreateContactWithOrganizationFinalScript"/>
  <system-out/>
</testsuite> <!-- vTiger.Contacts.CreateContactWithOrganizationFinalScript -->
