<?xml version="1.0" encoding="UTF-8"?>
<!-- Generated by org.testng.reporters.JUnitReportReporter -->
<testsuite skipped="0" hostname="aham" name="vTiger.Contacts.CreateContactWithOrganizationRealTimeScript2" tests="1" failures="0" timestamp="2023-03-07T13:05:51 IST" time="37.117" errors="0">
  <testcase name="createContactWithOrg" time="37.117" classname="vTiger.Contacts.CreateContactWithOrganizationRealTimeScript2"/>
  <system-out/>
</testsuite> <!-- vTiger.Contacts.CreateContactWithOrganizationRealTimeScript2 -->
