<?xml version="1.0" encoding="UTF-8"?>
<!-- Generated by org.testng.reporters.JUnitReportReporter -->
<testsuite skipped="0" hostname="aham" name="practice.TestNGPrcatice" tests="2" failures="0" timestamp="2023-02-28T13:26:12 IST" time="0.007" errors="0">
  <testcase name="Sample" time="0.005" classname="practice.TestNGPrcatice"/>
  <system-out/>
  <testcase name="Sample2" time="0.002" classname="practice.TestNGPrcatice"/>
  <system-out/>
</testsuite> <!-- practice.TestNGPrcatice -->
