<?xml version="1.0" encoding="UTF-8"?>
<!-- Generated by org.testng.reporters.JUnitReportReporter -->
<testsuite skipped="1" hostname="aham" name="practice.TestNgPractice5" tests="3" failures="0" timestamp="2023-03-02T12:47:41 IST" time="0.008" errors="0">
  <testcase name="deleteUser" time="0.007" classname="practice.TestNgPractice5"/>
  <system-out/>
  <testcase name="updateUser" time="0.001" classname="practice.TestNgPractice5"/>
  <system-out/>
  <testcase name="createUser" classname="practice.TestNgPractice5">
    <skipped/>
  </testcase> <!-- createUser -->
  <system-out/>
</testsuite> <!-- practice.TestNgPractice5 -->
