<?xml version="1.0" encoding="UTF-8"?>
<!-- Generated by org.testng.reporters.JUnitReportReporter -->
<testsuite skipped="0" hostname="aham" name="vTiger.Contacts.CreateContactWithOrganizationTest" tests="1" failures="0" timestamp="2023-02-28T13:40:39 IST" time="25.558" errors="0">
  <testcase name="CreateContactsWithOrganizationTest" time="25.558" classname="vTiger.Contacts.CreateContactWithOrganizationTest"/>
  <system-out/>
</testsuite> <!-- vTiger.Contacts.CreateContactWithOrganizationTest -->
