<?xml version="1.0" encoding="UTF-8"?>
<!-- Generated by org.testng.reporters.JUnitReportReporter -->
<testsuite skipped="0" hostname="aham" name="practice.TestNGPractice3" tests="14" failures="0" timestamp="2023-03-02T12:43:45 IST" time="0.042" errors="0">
  <testcase name="updateUser" time="0.006" classname="practice.TestNGPractice3"/>
  <system-out/>
  <testcase name="deleteUser" time="0.002" classname="practice.TestNGPractice3"/>
  <system-out/>
  <testcase name="updateUser" time="0.002" classname="practice.TestNGPractice3"/>
  <system-out/>
  <testcase name="updateUser" time="0.001" classname="practice.TestNGPractice3"/>
  <system-out/>
  <testcase name="updateUser" time="0.002" classname="practice.TestNGPractice3"/>
  <system-out/>
  <testcase name="deleteUser" time="0.004" classname="practice.TestNGPractice3"/>
  <system-out/>
  <testcase name="updateUser" time="0.001" classname="practice.TestNGPractice3"/>
  <system-out/>
  <testcase name="deleteUser" time="0.003" classname="practice.TestNGPractice3"/>
  <system-out/>
  <testcase name="deleteUser" time="0.002" classname="practice.TestNGPractice3"/>
  <system-out/>
  <testcase name="updateUser" time="0.004" classname="practice.TestNGPractice3"/>
  <system-out/>
  <testcase name="updateUser" time="0.002" classname="practice.TestNGPractice3"/>
  <system-out/>
  <testcase name="deleteUser" time="0.009" classname="practice.TestNGPractice3"/>
  <system-out/>
  <testcase name="createUser" time="0.000" classname="practice.TestNGPractice3"/>
  <system-out/>
  <testcase name="createUser" time="0.004" classname="practice.TestNGPractice3"/>
  <system-out/>
</testsuite> <!-- practice.TestNGPractice3 -->
